[2016-07-23 17:52:55] myapp.INFO: Matched route "GET_pagina_id". {"route_parameters":{"_controller":"[object] (Closure: {})","id":"1","_route":"GET_pagina_id"},"request_uri":"http://projetoclasses.dev/pagina/1"} []
[2016-07-23 17:52:55] myapp.INFO: > GET /pagina/1 [] []
[2016-07-23 17:52:55] myapp.INFO: Fui buscado o id '1'. [] []
[2016-07-23 17:52:55] myapp.INFO: < 200 [] []
[2016-07-23 17:54:02] myapp.INFO: Matched route "GET_pagina_id". {"route_parameters":{"_controller":"[object] (Closure: {})","id":"1","_route":"GET_pagina_id"},"request_uri":"http://projetoclasses.dev/pagina/1"} []
[2016-07-23 17:54:02] myapp.INFO: > GET /pagina/1 [] []
[2016-07-23 17:54:02] myapp.INFO: Fui buscado o id '1'. [] []
[2016-07-23 17:54:02] myapp.WARNING: Fui buscado o id '1'. [] []
[2016-07-23 17:54:02] myapp.INFO: < 200 [] []
[2016-07-23 17:54:44] myapp.INFO: Matched route "GET_pagina_id". {"route_parameters":{"_controller":"[object] (Closure: {})","id":"1","_route":"GET_pagina_id"},"request_uri":"http://projetoclasses.dev/pagina/1"} []
[2016-07-23 17:54:44] myapp.INFO: > GET /pagina/1 [] []
[2016-07-23 17:54:44] myapp.INFO: Fui buscado o id '1'. [] []
[2016-07-23 17:54:44] myapp.WARNING: Fui buscado o id '1'. [] []
[2016-07-23 17:54:44] myapp.ERROR: Fui buscado o id '1'. [] []
[2016-07-23 17:54:44] myapp.INFO: < 200 [] []
[2016-07-23 17:55:19] myapp.INFO: Matched route "GET_pagina_id". {"route_parameters":{"_controller":"[object] (Closure: {})","id":"1","_route":"GET_pagina_id"},"request_uri":"http://projetoclasses.dev/pagina/1"} []
[2016-07-23 17:55:19] myapp.INFO: > GET /pagina/1 [] []
[2016-07-23 17:55:19] myapp.INFO: < 200 [] []
[2016-07-23 17:55:23] myapp.INFO: Matched route "GET_". {"route_parameters":{"_controller":"[object] (Closure: {})","_route":"GET_"},"request_uri":"http://projetoclasses.dev/"} []
[2016-07-23 17:55:23] myapp.INFO: > GET / [] []
[2016-07-23 17:55:24] myapp.INFO: < 200 [] []
